00:00:00.002725 main     VirtualBox XPCOM Server 6.1.34 r150636 linux.amd64 (May 30 2022 06:37:05) release log
00:00:00.002727 main     Log opened 2022-06-26T10:21:17.136352000Z
00:00:00.002727 main     Build Type: release
00:00:00.002729 main     OS Product: Linux
00:00:00.002730 main     OS Release: 5.15.49-1-lts
00:00:00.002731 main     OS Version: #1 SMP Wed, 22 Jun 2022 12:52:35 +0000
00:00:00.002781 main     DMI Product Name: 81HN
00:00:00.002788 main     DMI Product Version: Lenovo V130-15IKB
00:00:00.002791 main     Firmware type: UEFI
00:00:00.003535 main     Secure Boot: Disabled
00:00:00.003566 main     Host RAM: 7284MB (7.1GB) total, 6002MB (5.8GB) available
00:00:00.003572 main     Executable: /usr/lib/virtualbox/VBoxSVC
00:00:00.003573 main     Process ID: 7663
00:00:00.003573 main     Package type: LINUX_64BITS_GENERIC (OSE)
00:00:00.004877 main     IPC socket path: /tmp/.vbox-jose-ipc/ipcd
00:00:00.114629 nspr-2   VirtualBox: object creation starts
00:00:00.114712 nspr-2   Home directory: '/home/jose/.config/VirtualBox'
00:00:00.116772 nspr-2   Loading settings file "/home/jose/.config/VirtualBox/VirtualBox.xml" with version "1.12-linux"
00:00:00.124746 nspr-2   USB: Unknown USB device detected (idVendor: 0x8087, idProduct: 0x0a2a)
00:00:00.124911 nspr-2   Successfully initialised host USB using sysfs
00:00:00.135168 nspr-2   NetIfAdpCtlOut: VBoxNetAdpCtl: Error while retrieving link speed for wlp2s0: VBoxNetAdpCtl: ioctl failed: Operation not supported
00:00:00.137040 nspr-2   HostDnsMonitor: initializing
00:00:00.137331 nspr-2   NAT: resolv.conf: nameserver 80.58.61.250
00:00:00.137339 nspr-2   NAT: resolv.conf: nameserver 80.58.61.254
00:00:00.137346 nspr-2   HostDnsMonitor: updating information
00:00:00.137355 nspr-2   HostDnsMonitor: old information
00:00:00.137357 nspr-2     no server entries
00:00:00.137359 nspr-2     no domain set
00:00:00.137360 nspr-2     no search string entries
00:00:00.137362 nspr-2   HostDnsMonitor: new information
00:00:00.137364 nspr-2     server 1: 80.58.61.250
00:00:00.137366 nspr-2     server 2: 80.58.61.254
00:00:00.137368 nspr-2     no domain set
00:00:00.137370 nspr-2     no search string entries
00:00:00.141134 nspr-2   VD: VDInit finished with VINF_SUCCESS
00:00:00.141909 nspr-2   ERROR [COM]: aRC=NS_ERROR_FAILURE (0x80004005) aIID={027bc463-929c-40e8-bf16-fea557cd8e7e} aComponent={SystemPropertiesWrap} aText={Cannot determine default Guest Additions ISO location. Most likely they are not available}, preserve=false aResultDetail=0
00:00:00.148466 nspr-2   Loading settings file "/home/jose/VirtualBox VMs/Windows LITE 32B/Windows LITE 32B.vbox" with version "1.15-linux"
00:00:00.149350 nspr-2   VirtualBox: object created
00:00:09.098722 nspr-5   Launched VM: 3019904992 pid: 7787 (0x1e6b) frontend: GUI/Qt name: Windows LITE 32B
00:00:10.067557 nspr-6   ERROR [COM]: aRC=VBOX_E_OBJECT_NOT_FOUND (0x80bb0001) aIID={70401eef-c8e9-466b-9660-45cb3e9979e4} aComponent={ExtPackManagerWrap} aText={No extension pack by the name 'Oracle VM VirtualBox Extension Pack' was found}, preserve=false aResultDetail=0
00:00:10.166020 nspr-2   ERROR [COM]: aRC=VBOX_E_IPRT_ERROR (0x80bb0005) aIID={85632c68-b5bb-4316-a900-5eb28d3413df} aComponent={SessionMachine} aText={Saved screenshot data is not available (VERR_NOT_SUPPORTED)}, preserve=false aResultDetail=-37
00:00:10.199476 nspr-2   NetIfAdpCtlOut: VBoxNetAdpCtl: Error while retrieving link speed for wlp2s0: VBoxNetAdpCtl: ioctl failed: Operation not supported
00:16:09.327087 nspr-2   Saving settings file "/home/jose/VirtualBox VMs/Windows LITE 32B/Windows LITE 32B.vbox" with version "1.15-linux"
00:16:14.162779 nspr-2   Saving settings file "/home/jose/.config/VirtualBox/VirtualBox.xml" with version "1.12-linux"
00:16:14.178562 nspr-5   Saving settings file "/home/jose/.config/VirtualBox/VirtualBox.xml" with version "1.12-linux"
00:16:14.185470 nspr-4   Saving settings file "/home/jose/.config/VirtualBox/VirtualBox.xml" with version "1.12-linux"
00:16:19.698358 main     VirtualBox: object deletion starts
00:16:19.698394 main     ERROR [COM]: aRC=VBOX_E_OBJECT_IN_USE (0x80bb000c) aIID={ad47ad09-787b-44ab-b343-a082a3f2dfb1} aComponent={MediumWrap} aText={Medium '/home/jose/VirtualBox VMs/Windows LITE 32B/Windows LITE 32B.vdi' cannot be closed because it is still attached to 1 virtual machines}, preserve=false aResultDetail=0
00:16:19.719661 main     HostDnsMonitor: shutting down ...
00:16:19.752379 main     HostDnsMonitor: shut down
00:16:19.837194 Watcher  ERROR [COM]: aRC=E_ACCESSDENIED (0x80070005) aIID={d0a0163f-e254-4e5b-a1f2-011cf991c38d} aComponent={VirtualBoxWrap} aText={The object is not ready}, preserve=false aResultDetail=0
00:16:24.792351 main     {00007f43b8017010} HostPowerServiceLinux::~HostPowerServiceLinux: RTThreadWait() for 5000 ms failed with VERR_TIMEOUT
00:16:24.792719 main     VirtualBox: object deleted
